


ARM Macro Assembler    Page 1 


    1 00000000                 IMPORT           _m_interrupt_from_thread
    2 00000000                 IMPORT           _m_interrupt_to_thread
    3 00000000                 IMPORT           _m_thread_switch_interrupt_flag
    4 00000000         
    5 00000000 E000ED08 
                       SCB_VTOR
                               EQU              0xE000ED08  ; Vector Table Offs
                                                            et Register
    6 00000000 E000ED04 
                       NVIC_INT_CTRL
                               EQU              0xE000ED04  ; interrupt control
                                                             state register
    7 00000000 E000ED20 
                       NVIC_SYSPRI2
                               EQU              0xE000ED20  ; system priority r
                                                            egister (2)
    8 00000000 00FF0000 
                       NVIC_PENDSV_PRI
                               EQU              0x00FF0000  ; PendSV priority v
                                                            alue (lowest)
    9 00000000 10000000 
                       NVIC_PENDSVSET
                               EQU              0x10000000  ; value to trigger 
                                                            PendSV exception
   10 00000000         
   11 00000000                 AREA             |.text|, CODE, READONLY, ALIGN=
2
   12 00000000                 THUMB
   13 00000000                 REQUIRE8
   14 00000000                 PRESERVE8
   15 00000000         
   16 00000000         m_interrupt_disable
                               PROC
   17 00000000                 EXPORT           m_interrupt_disable
   18 00000000 F3EF 8010       MRS              r0, PRIMASK
   19 00000004 B672            CPSID            I
   20 00000006 4770            BX               LR
   21 00000008                 ENDP
   22 00000008         
   23 00000008         m_interrupt_enable
                               PROC
   24 00000008                 EXPORT           m_interrupt_enable
   25 00000008 F380 8810       MSR              PRIMASK, r0
   26 0000000C 4770            BX               LR
   27 0000000E                 ENDP
   28 0000000E         
   29 0000000E         ;å®ç°çº¿ç¨‹åˆ‡æ¢çš„ä¸­æ–­
   30 0000000E         PendSV_Handler
                               PROC
   31 0000000E                 EXPORT           PendSV_Handler
   32 0000000E         
   33 0000000E         ;å¤±èƒ½ä¸­æ–­ï¼Œä¸ºäº†ä¿æŠ¤ä¸Šä¸‹æ–‡åˆ‡æ¢ä¸è¢«ä¸­æ–­
   34 0000000E F3EF 8210       MRS              r2, PRIMASK
   35 00000012 B672            CPSID            I
   36 00000014         
   37 00000014         ;è·å–ä¸­æ–­æ ‡å¿—ä½ï¼Œçœ‹çœ‹æ˜¯å¦ä¸º 0
   38 00000014 4821            LDR              r0, =_m_thread_switch_interrupt
_flag
   39 00000016 6801            LDR              r1, [r0]



ARM Macro Assembler    Page 2 


   40 00000018         ;åˆ¤æ–­æ˜¯å¦ä¸º 0,ä¸º 0 åˆ™è·³è½¬åˆ° pendsv_exit
   41 00000018 B191            CBZ              r1, pendsv_exit
   42 0000001A         ;ä¸ä¸º 0 åˆ™æ¸… 0
   43 0000001A F04F 0100       MOV              r1, #0x00
   44 0000001E 6001            STR              r1, [r0]
   45 00000020         
   46 00000020         ;åˆ¤æ–­ä¸Šä¸€ä¸ªçº¿ç¨‹çš„å€¼æ˜¯å¦ä¸º 0,å³æ˜¯å¦å­˜åœ¨
   47 00000020 481F            LDR              r0, =_m_interrupt_from_thread
   48 00000022 6801            LDR              r1, [r0]
   49 00000024         ;ä¸º 0 åˆ™ä¸å­˜åœ¨,è·³è½¬åˆ° switch_to_thread
   50 00000024         ;ç¬¬ä¸€æ¬¡çº¿ç¨‹åˆ‡æ¢æ—¶ä¸Šä¸€ä¸ªçº¿ç¨‹è‚¯å®šä¸å­˜åœ¨
   51 00000024 B129            CBZ              r1, switch_to_thread ; skip reg
                                                            ister save at the f
                                                            irst time
   52 00000026         
   53 00000026         ;/* ä¸Šæ–‡ä¿å­˜ */
   54 00000026         ;å½“è¿›å…¥ PendSVC Handler æ—¶ï¼Œä¸Šä¸€ä¸ªçº¿ç¨‹è¿è¡Œçš
                       „ç¯å¢ƒå³ï¼š
   55 00000026         ;xPSRï¼Œ PCï¼ˆçº¿ç¨‹å…¥å£åœ°å€ï¼‰ï¼Œ R14ï¼Œ R12ï¼Œ R3ï
                       ¼Œ R2ï¼Œ R1ï¼Œ R0ï¼ˆçº¿ç¨‹çš„å½¢å‚ï¼‰
   56 00000026         ;è¿™äº› CPU å¯„å­˜å™¨çš„å€¼ä¼šè‡ªåŠ¨ä¿å­˜åˆ°çº¿ç¨‹çš„æ 
                       ˆä¸­ï¼Œå‰©ä¸‹çš„ r4~r11 éœ€è¦æ‰‹åŠ¨ä¿å­˜
   57 00000026         ;è·å–çº¿ç¨‹æ ˆæŒ‡é’ˆåˆ° r1
   58 00000026 F3EF 8109       MRS              r1, psp
   59 0000002A         ;å°† CPU å¯„å­˜å™¨ r4~r11 çš„å€¼å­˜å‚¨åˆ° r1 æŒ‡å‘çš„åœ
                       °å€(æ¯æ“ä½œä¸€æ¬¡åœ°å€å°†é€’å‡ä¸€æ¬¡)
   60 0000002A E921 0FF0       STMFD            r1!, {r4 - r11}
   61 0000002E         ;åŠ è½½ r0 æŒ‡å‘å€¼åˆ° r0ï¼Œå³ r0=_m_interrupt_from_th
                       read
   62 0000002E 6800            LDR              r0, [r0]
   63 00000030         ;å°† r1 çš„å€¼å­˜å‚¨åˆ° r0ï¼Œå³æ›´æ–°çº¿ç¨‹æ ˆ sp
   64 00000030 6001            STR              r1, [r0]
   65 00000032         
   66 00000032         ;/* ä¸‹æ–‡åˆ‡æ¢ */
   67 00000032         switch_to_thread
   68 00000032         ;çº¿ç¨‹æ§åˆ¶å—æœ‰ä¸€ä¸ªæˆå‘˜æ•°æ®æ˜¯ çº¿ç¨‹æ ˆçš„æŒ‡
                       é’ˆ " sp "
   69 00000032         ;_m_interrupt_to_thread é‡Œé¢å­˜çš„æ˜¯ " SP çš„åœ°å€"
   70 00000032         ;åŠ è½½  " SP çš„åœ°å€"  åˆ° r1
   71 00000032 491C            LDR              r1, =_m_interrupt_to_thread
   72 00000034         ;åŠ è½½  " SP çš„åœ°å€"  çš„å€¼åˆ° r1ï¼Œ å³ " SP "
   73 00000034 6809            LDR              r1, [r1]
   74 00000036         ;åŠ è½½  " SP "  çš„å€¼åˆ° r1ï¼Œå³ " SP " æ‰€åœ¨çº¿ç¨‹æ
                       §åˆ¶å—çš„çº¿ç¨‹æ ˆçš„æ ˆé¡¶åœ°å€
   75 00000036 6809            LDR              r1, [r1]
   76 00000038         
   77 00000038         ;å°†çº¿ç¨‹æ ˆæŒ‡é’ˆ r1(æ“ä½œä¹‹å‰å…ˆé€’å‡)æŒ‡å‘çš„å†
                       …å®¹åŠ è½½åˆ° CPU å¯„å­˜å™¨ r4~r11
   78 00000038 E8B1 0FF0       LDMFD            r1!, {r4 - r11}
   79 0000003C         ;å°†çº¿ç¨‹æ ˆæŒ‡é’ˆæ›´æ–°åˆ° PSP
   80 0000003C F381 8809       MSR              psp, r1
   81 00000040         
   82 00000040         pendsv_exit
   83 00000040         ; æ¢å¤ä¸­æ–­
   84 00000040 F382 8810       MSR              PRIMASK, r2
   85 00000044         ;ç¡®ä¿å¼‚å¸¸è¿”å›ä½¿ç”¨çš„æ ˆæŒ‡é’ˆæ˜¯ PSP,å³ LR å¯„å
                       ­˜å™¨çš„ä½ 2 è¦ä¸º 1
   86 00000044 F04E 0E04       ORR              lr, lr, #0x04
   87 00000048         ; å¼‚å¸¸è¿”å›ï¼Œè¿™ä¸ªæ—¶å€™æ ˆä¸­çš„å‰©ä¸‹å†…å®¹å°†ä¼š



ARM Macro Assembler    Page 3 


                       è‡ªåŠ¨åŠ è½½åˆ° CPU å¯„å­˜å™¨ï¼š
   88 00000048         ; xPSR,PC(çº¿ç¨‹å…¥å£åœ°å€), R14ï¼Œ R12ï¼Œ R3ï¼Œ R2ï¼Œ
                        R1ï¼Œ R0ï¼ˆçº¿ç¨‹çš„å½¢å‚ï¼‰
   89 00000048         ; åŒæ—¶ PSP çš„å€¼ä¹Ÿå°†æ›´æ–°,å³æŒ‡å‘çº¿ç¨‹æ ˆçš„æ ˆ
                       é¡¶
   90 00000048         ;BX ç›´æ¥è·³è½¬åˆ°ç”±å¯„å­˜å™¨ç»™å®šçš„åœ°å€
   91 00000048 4770            BX               lr
   92 0000004A                 ENDP
   93 0000004A         
   94 0000004A         ;ç”¨äºç¬¬ä¸€æ¬¡æ‰§è¡Œçº¿ç¨‹åˆ‡æ¢
   95 0000004A         _m_thread_switch_to
                               PROC
   96 0000004A                 EXPORT           _m_thread_switch_to
   97 0000004A         
   98 0000004A         ;r0 æ˜¯å‡½æ•°çš„ç¬¬ä¸€ä¸ªå‚æ•°,å³å°†è¦åˆ‡æ¢çš„çº¿ç¨‹
                       æ ˆ
   99 0000004A         ;å°†è¦åˆ‡æ¢çš„çº¿ç¨‹æ ˆæ”¾åˆ° _m_interrupt_to_thread ä
                       ¸­
  100 0000004A 4916            LDR              r1, =_m_interrupt_to_thread
  101 0000004C 6008            STR              r0, [r1]
  102 0000004E         
  103 0000004E         ;å› ä¸ºæ˜¯ç¬¬ä¸€æ¬¡æ‰§è¡Œåˆ‡æ¢,æ‰€ä»¥æ²¡æœ‰ä¸Šä¸€ä¸ªçº¿
                       ç¨‹,æ‰€ä»¥ç½®0
  104 0000004E 4914            LDR              r1, =_m_interrupt_from_thread
  105 00000050 F04F 0000       MOV              r0, #0x0
  106 00000054 6008            STR              r0, [r1]
  107 00000056         
  108 00000056         ;å°†åˆ‡æ¢æ ‡å¿—ç½®ä½
  109 00000056 4911            LDR              r1, =_m_thread_switch_interrupt
_flag
  110 00000058 F04F 0001       MOV              r0, #1
  111 0000005C 6008            STR              r0, [r1]
  112 0000005E         
  113 0000005E         ;è®¾ç½® PendSV å¼‚å¸¸çš„ä¼˜å…ˆçº§
  114 0000005E 4812            LDR              r0, =NVIC_SYSPRI2
  115 00000060 F44F 017F       LDR              r1, =NVIC_PENDSV_PRI
  116 00000064 F8D0 2000       LDR.W            r2, [r0,#0x00]
  117 00000068 EA41 0102       ORR              r1,r1,r2
  118 0000006C 6001            STR              r1, [r0]
  119 0000006E         
  120 0000006E         ;è§¦å‘ PendSV å¼‚å¸¸ (äº§ç”Ÿä¸Šä¸‹æ–‡åˆ‡æ¢)
  121 0000006E 480F            LDR              r0, =NVIC_INT_CTRL
  122 00000070 F04F 5180       LDR              r1, =NVIC_PENDSVSET
  123 00000074 6001            STR              r1, [r0]
  124 00000076         
  125 00000076         ;    ; restore MSP
  126 00000076         ;    LDR     r0, =SCB_VTOR
  127 00000076         ;    LDR     r0, [r0]
  128 00000076         ;    LDR     r0, [r0]
  129 00000076         ;    MSR     msp, r0
  130 00000076         
  131 00000076         ;å¼€ä¸­æ–­
  132 00000076 B661            CPSIE            F
  133 00000078 B662            CPSIE            I
  134 0000007A         
  135 0000007A                 ENDP
  136 0000007A         
  137 0000007A         _m_thread_switch
                               PROC



ARM Macro Assembler    Page 4 


  138 0000007A                 EXPORT           _m_thread_switch
  139 0000007A         
  140 0000007A         ;åˆ¤æ–­ä¸­æ–­æ ‡å¿—ä½æ˜¯å¦ä¸º 1
  141 0000007A 4A08            LDR              r2, =_m_thread_switch_interrupt
_flag
  142 0000007C 6813            LDR              r3, [r2]
  143 0000007E 2B01            CMP              r3, #1
  144 00000080         ;ä¸º 1 åˆ™è·³åˆ° _reswitch
  145 00000080 D004            BEQ              _reswitch
  146 00000082         ;è®¾ç½®ä¸­æ–­æ ‡å¿—ä½ä¸º 1
  147 00000082 F04F 0301       MOV              r3, #1
  148 00000086 6013            STR              r3, [r2]
  149 00000088         
  150 00000088         ;åŠ è½½ _m_interrupt_from_thread çš„åœ°å€åˆ° r2
  151 00000088 4A05            LDR              r2, =_m_interrupt_from_thread
  152 0000008A         ;å­˜å‚¨ r0 çš„å€¼åˆ° _m_interrupt_from_thread,å³å’Œä¸Šä
                       ¸€ä¸ªçº¿ç¨‹æœ‰å…³
  153 0000008A 6010            STR              r0, [r2]
  154 0000008C         
  155 0000008C         _reswitch
  156 0000008C         ;åŠ è½½ _m_interrupt_to_thread çš„åœ°å€åˆ° r2
  157 0000008C 4A05            LDR              r2, =_m_interrupt_to_thread
  158 0000008E         ;å­˜å‚¨ r1 çš„å€¼åˆ° _m_interrupt_to_thread,å³å’Œä¸‹ä¸€
                       ä¸ªçº¿ç¨‹æœ‰å…³
  159 0000008E 6011            STR              r1, [r2]
  160 00000090         
  161 00000090         ;è§¦å‘ PendSV å¼‚å¸¸,å®ç°ä¸Šä¸‹æ–‡åˆ‡æ¢
  162 00000090 4806            LDR              r0, =NVIC_INT_CTRL ; trigger th
                                                            e PendSV exception 
                                                            (causes context swi
                                                            tch)
  163 00000092 F04F 5180       LDR              r1, =NVIC_PENDSVSET
  164 00000096 6001            STR              r1, [r0]
  165 00000098 4770            BX               LR
  166 0000009A                 ENDP
  167 0000009A         
  168 0000009A         
  169 0000009A 00 00           ALIGN            4
  170 0000009C         
  171 0000009C                 END
              00000000 
              00000000 
              00000000 
              E000ED20 
              E000ED04 
Command Line: --debug --xref --diag_suppress=9931 --cpu=Cortex-M4.fp --apcs=int
erwork --depend=.\objects\m_thread_switch.d -o.\objects\m_thread_switch.o -I.\R
TE\_Target_1 -IC:\Users\M\AppData\Local\Keil\Arm\Packs\Keil\STM32F4xx_DFP\1.0.8
\Device\Include -IC:\Users\M\AppData\Local\Keil\ARM\CMSIS\Include --predefine="
__UVISION_VERSION SETA 528" --predefine="STM32F40_41xxx SETA 1" --list=.\listin
gs\m_thread_switch.lst ..\mfw\m_thread_switch.S



ARM Macro Assembler    Page 1 Alphabetic symbol ordering
Relocatable symbols

.text 00000000

Symbol: .text
   Definitions
      At line 11 in file ..\mfw\m_thread_switch.S
   Uses
      None
Comment: .text unused
PendSV_Handler 0000000E

Symbol: PendSV_Handler
   Definitions
      At line 30 in file ..\mfw\m_thread_switch.S
   Uses
      At line 31 in file ..\mfw\m_thread_switch.S
Comment: PendSV_Handler used once
_m_thread_switch 0000007A

Symbol: _m_thread_switch
   Definitions
      At line 137 in file ..\mfw\m_thread_switch.S
   Uses
      At line 138 in file ..\mfw\m_thread_switch.S
Comment: _m_thread_switch used once
_m_thread_switch_to 0000004A

Symbol: _m_thread_switch_to
   Definitions
      At line 95 in file ..\mfw\m_thread_switch.S
   Uses
      At line 96 in file ..\mfw\m_thread_switch.S
Comment: _m_thread_switch_to used once
_reswitch 0000008C

Symbol: _reswitch
   Definitions
      At line 155 in file ..\mfw\m_thread_switch.S
   Uses
      At line 145 in file ..\mfw\m_thread_switch.S
Comment: _reswitch used once
m_interrupt_disable 00000000

Symbol: m_interrupt_disable
   Definitions
      At line 16 in file ..\mfw\m_thread_switch.S
   Uses
      At line 17 in file ..\mfw\m_thread_switch.S
Comment: m_interrupt_disable used once
m_interrupt_enable 00000008

Symbol: m_interrupt_enable
   Definitions
      At line 23 in file ..\mfw\m_thread_switch.S
   Uses
      At line 24 in file ..\mfw\m_thread_switch.S
Comment: m_interrupt_enable used once
pendsv_exit 00000040

Symbol: pendsv_exit



ARM Macro Assembler    Page 2 Alphabetic symbol ordering
Relocatable symbols

   Definitions
      At line 82 in file ..\mfw\m_thread_switch.S
   Uses
      At line 41 in file ..\mfw\m_thread_switch.S
Comment: pendsv_exit used once
switch_to_thread 00000032

Symbol: switch_to_thread
   Definitions
      At line 67 in file ..\mfw\m_thread_switch.S
   Uses
      At line 51 in file ..\mfw\m_thread_switch.S
Comment: switch_to_thread used once
9 symbols



ARM Macro Assembler    Page 1 Alphabetic symbol ordering
Absolute symbols

NVIC_INT_CTRL E000ED04

Symbol: NVIC_INT_CTRL
   Definitions
      At line 6 in file ..\mfw\m_thread_switch.S
   Uses
      At line 121 in file ..\mfw\m_thread_switch.S
      At line 162 in file ..\mfw\m_thread_switch.S

NVIC_PENDSVSET 10000000

Symbol: NVIC_PENDSVSET
   Definitions
      At line 9 in file ..\mfw\m_thread_switch.S
   Uses
      At line 122 in file ..\mfw\m_thread_switch.S
      At line 163 in file ..\mfw\m_thread_switch.S

NVIC_PENDSV_PRI 00FF0000

Symbol: NVIC_PENDSV_PRI
   Definitions
      At line 8 in file ..\mfw\m_thread_switch.S
   Uses
      At line 115 in file ..\mfw\m_thread_switch.S
Comment: NVIC_PENDSV_PRI used once
NVIC_SYSPRI2 E000ED20

Symbol: NVIC_SYSPRI2
   Definitions
      At line 7 in file ..\mfw\m_thread_switch.S
   Uses
      At line 114 in file ..\mfw\m_thread_switch.S
Comment: NVIC_SYSPRI2 used once
SCB_VTOR E000ED08

Symbol: SCB_VTOR
   Definitions
      At line 5 in file ..\mfw\m_thread_switch.S
   Uses
      None
Comment: SCB_VTOR unused
5 symbols



ARM Macro Assembler    Page 1 Alphabetic symbol ordering
External symbols

_m_interrupt_from_thread 00000000

Symbol: _m_interrupt_from_thread
   Definitions
      At line 1 in file ..\mfw\m_thread_switch.S
   Uses
      At line 47 in file ..\mfw\m_thread_switch.S
      At line 104 in file ..\mfw\m_thread_switch.S
      At line 151 in file ..\mfw\m_thread_switch.S

_m_interrupt_to_thread 00000000

Symbol: _m_interrupt_to_thread
   Definitions
      At line 2 in file ..\mfw\m_thread_switch.S
   Uses
      At line 71 in file ..\mfw\m_thread_switch.S
      At line 100 in file ..\mfw\m_thread_switch.S
      At line 157 in file ..\mfw\m_thread_switch.S

_m_thread_switch_interrupt_flag 00000000

Symbol: _m_thread_switch_interrupt_flag
   Definitions
      At line 3 in file ..\mfw\m_thread_switch.S
   Uses
      At line 38 in file ..\mfw\m_thread_switch.S
      At line 109 in file ..\mfw\m_thread_switch.S
      At line 141 in file ..\mfw\m_thread_switch.S

3 symbols
352 symbols in table
